0 silly argv {
0 silly argv   _: [ 'create' ],
0 silly argv   lernaVersion: '4.0.0',
0 silly argv   '$0': '/usr/local/bin/lerna',
0 silly argv   name: 'input'
0 silly argv }
1 notice cli v4.0.0
2 verbose rootPath /Users/yangjay/project/xkcd-ui
3 warn ENOREMOTE No git remote found, skipping repository property
4 error Error: canceled
4 error     at Interface.<anonymous> (/Users/yangjay/project/xkcd-ui/node_modules/read/lib/read.js:66:13)
4 error     at Interface.emit (node:events:369:20)
4 error     at Interface._ttyWrite (node:readline:999:16)
4 error     at ReadStream.onkeypress (node:readline:267:10)
4 error     at ReadStream.emit (node:events:369:20)
4 error     at emitKeys (node:internal/readline/utils:358:14)
4 error     at emitKeys.next (<anonymous>)
4 error     at ReadStream.onData (node:readline:1268:36)
4 error     at ReadStream.emit (node:events:369:20)
4 error     at addChunk (node:internal/streams/readable:313:12)
4 error     at readableAddChunk (node:internal/streams/readable:288:9)
4 error     at ReadStream.Readable.push (node:internal/streams/readable:227:10)
